<?xml version="1.0" encoding="UTF-8"?>
<!-- Generated by org.testng.reporters.JUnitXMLReporter -->
<testsuite ignored="0" hostname="runnervm46oaq" failures="1" tests="7" name="UI Tests" time="24.476" errors="0" timestamp="2026-03-25T15:02:43 UTC">
  <testcase classname="tests.AmazonUITests" name="verifyHomepageUI" time="0.334"/>
  <testcase classname="tests.AmazonUITests" name="verifySearchSuggestionsUI" time="0.843"/>
  <testcase classname="tests.AmazonUITests" name="verifyProductListingUI" time="2.371"/>
  <testcase classname="tests.AmazonUITests" name="writeDataToExcel" time="0.815"/>
  <testcase classname="tests.AmazonUITests" name="verifyDataFromExcel" time="0.037"/>
  <testcase classname="tests.AmazonUITests" name="verifySearchUsingExcelMatrix" time="5.638"/>
  <testcase classname="tests.AmazonUITests" name="fail_wrongLocatorUI" time="5.031">
    <failure type="java.lang.AssertionError" message="Element not found expected [true] but found [false]">
      <![CDATA[java.lang.AssertionError: Element not found expected [true] but found [false]
at tests.AmazonUITests.fail_wrongLocatorUI(AmazonUITests.java:133)
at java.base/java.util.ArrayList.forEach(ArrayList.java:1511)
... Removed 34 stack frames]]>
    </failure>
  </testcase> <!-- fail_wrongLocatorUI -->
</testsuite> <!-- UI Tests -->
